<?xml version="1.0" encoding="UTF-8"?>
<!-- Generated by org.testng.reporters.JUnitReportReporter -->
<testsuite hostname="Trung-PC" name="Selenium.TOPIC_10" tests="1" failures="0" timestamp="13 May 2018 17:23:05 GMT" time="9.114" errors="0">
  <testcase name="Testscript02_explicitWait" time="9.114" classname="Selenium.TOPIC_10"/>
</testsuite> <!-- Selenium.TOPIC_10 -->
