<?xml version="1.0" encoding="UTF-8"?>
<!-- Generated by org.testng.reporters.JUnitReportReporter -->
<testsuite hostname="Trung-PC" name="Selenium.TOPIC_9" tests="1" failures="0" timestamp="13 May 2018 16:10:07 GMT" time="14.495" errors="0">
  <testcase name="TC_01" time="14.495" classname="Selenium.TOPIC_9"/>
</testsuite> <!-- Selenium.TOPIC_9 -->
