<?xml version="1.0" encoding="UTF-8"?>
<!-- Generated by org.testng.reporters.JUnitReportReporter -->
<testsuite hostname="Trung-PC" name="Func1.TOPIC_10" tests="1" failures="0" timestamp="9 May 2018 06:23:20 GMT" time="33.641" errors="0">
  <testcase name="TC_01" time="33.641" classname="Func1.TOPIC_10"/>
</testsuite> <!-- Func1.TOPIC_10 -->
