<?xml version="1.0" encoding="UTF-8"?>
<!-- Generated by org.testng.reporters.JUnitReportReporter -->
<testsuite hostname="Trung-PC" name="Selenium.TOPIC_7" tests="1" failures="0" timestamp="12 May 2018 19:37:29 GMT" time="21.681" errors="0">
  <testcase name="TC_03" time="21.681" classname="Selenium.TOPIC_7"/>
</testsuite> <!-- Selenium.TOPIC_7 -->
