<?xml version="1.0" encoding="UTF-8"?>
<!-- Generated by org.testng.reporters.JUnitReportReporter -->
<testsuite hostname="Trung-PC" name="Func1.TOPIC_9" tests="1" failures="0" timestamp="10 May 2018 05:45:12 GMT" time="20.215" errors="0">
  <testcase name="TC_02" time="20.215" classname="Func1.TOPIC_9"/>
</testsuite> <!-- Func1.TOPIC_9 -->
