<?xml version="1.0" encoding="UTF-8"?>
<!-- Generated by org.testng.reporters.JUnitReportReporter -->
<testsuite hostname="Trung-PC" name="Func1.TOPIC_7" tests="1" failures="0" timestamp="9 May 2018 05:39:29 GMT" time="17.232" errors="0">
  <testcase name="TC_02" time="17.232" classname="Func1.TOPIC_7"/>
</testsuite> <!-- Func1.TOPIC_7 -->
